<?xml version="1.0" encoding="UTF-8"?>
<testsuite xmlns:xsi="http://www.w3.org/2001/XMLSchema-instance" xsi:noNamespaceSchemaLocation="https://maven.apache.org/surefire/maven-surefire-plugin/xsd/surefire-test-report-3.0.xsd" version="3.0" name="com.ecoral.fiap.FiapApplicationTests" time="6.214" tests="1" errors="0" skipped="0" failures="0">
  <properties>
[...]
</properties>
  <testcase name="contextLoads" classname="com.ecoral.fiap.FiapApplicationTests" time="0.304">
    <system-out><![CDATA[11:40:46.037 [main] INFO org.springframework.test.context.support.AnnotationConfigContextLoaderUtils -- Could not detect default configuration classes for test class [com.ecoral.fiap.FiapApplicationTests]: FiapApplicationTests does not declare any static, non-private, non-final, nested classes annotated with @Configuration.
11:40:46.088 [main] INFO org.springframework.boot.test.context.SpringBootTestContextBootstrapper -- Found @SpringBootConfiguration com.ecoral.fiap.FiapApplication for test class com.ecoral.fiap.FiapApplicationTests
  .   ____          _            __ _ _
 /\\ / ___'_ __ _ _(_)_ __  __ _ \ \ \ \
( ( )\___ | '_ | '_| | '_ \/ _` | \ \ \ \
 \\/  ___)| |_)| | | | | || (_| |  ) ) ) )
  '  |____| .__|_| |_|_| |_\__, | / / / /
 =========|_|==============|___/=/_/_/_/

 :: Spring Boot ::                (v3.3.0)

2024-06-06T11:40:46.276-03:00  INFO 93318 --- [           main] com.ecoral.fiap.FiapApplicationTests     : Starting FiapApplicationTests using Java 21.0.2 with PID 93318 (started by jhonn in /Users/jhonn/Documents/DIGITAL BUSINESS ENABLEMENT/Ecoral)
2024-06-06T11:40:46.276-03:00  INFO 93318 --- [           main] com.ecoral.fiap.FiapApplicationTests     : No active profile set, falling back to 1 default profile: "default"
2024-06-06T11:40:46.700-03:00  INFO 93318 --- [           main] .s.d.r.c.RepositoryConfigurationDelegate : Bootstrapping Spring Data JPA repositories in DEFAULT mode.
2024-06-06T11:40:46.738-03:00  INFO 93318 --- [           main] .s.d.r.c.RepositoryConfigurationDelegate : Finished Spring Data repository scanning in 34 ms. Found 9 JPA repository interfaces.
2024-06-06T11:40:47.023-03:00  INFO 93318 --- [           main] com.zaxxer.hikari.HikariDataSource       : HikariPool-1 - Starting...
2024-06-06T11:40:49.173-03:00  INFO 93318 --- [           main] com.zaxxer.hikari.pool.HikariPool        : HikariPool-1 - Added connection ConnectionID:1 ClientConnectionId: c03b8d52-6b13-4f01-b943-0460cd6e2c3c
2024-06-06T11:40:49.174-03:00  INFO 93318 --- [           main] com.zaxxer.hikari.HikariDataSource       : HikariPool-1 - Start completed.
2024-06-06T11:40:49.202-03:00  INFO 93318 --- [           main] o.hibernate.jpa.internal.util.LogHelper  : HHH000204: Processing PersistenceUnitInfo [name: default]
2024-06-06T11:40:49.232-03:00  INFO 93318 --- [           main] org.hibernate.Version                    : HHH000412: Hibernate ORM core version 6.5.2.Final
2024-06-06T11:40:49.249-03:00  INFO 93318 --- [           main] o.h.c.internal.RegionFactoryInitiator    : HHH000026: Second-level cache disabled
2024-06-06T11:40:49.387-03:00  INFO 93318 --- [           main] o.s.o.j.p.SpringPersistenceUnitInfo      : No LoadTimeWeaver setup: ignoring JPA class transformer
2024-06-06T11:40:49.409-03:00  WARN 93318 --- [           main] org.hibernate.orm.deprecation            : HHH90000025: SQLServerDialect does not need to be specified explicitly using 'hibernate.dialect' (remove the property setting and it will be selected by default)
2024-06-06T11:40:50.741-03:00  INFO 93318 --- [           main] o.h.e.t.j.p.i.JtaPlatformInitiator       : HHH000489: No JTA platform available (set 'hibernate.transaction.jta.platform' to enable JTA platform integration)
2024-06-06T11:40:50.748-03:00  INFO 93318 --- [           main] j.LocalContainerEntityManagerFactoryBean : Initialized JPA EntityManagerFactory for persistence unit 'default'
2024-06-06T11:40:51.105-03:00  WARN 93318 --- [           main] JpaBaseConfiguration$JpaWebConfiguration : spring.jpa.open-in-view is enabled by default. Therefore, database queries may be performed during view rendering. Explicitly configure spring.jpa.open-in-view to disable this warning
2024-06-06T11:40:51.847-03:00  INFO 93318 --- [           main] com.ecoral.fiap.FiapApplicationTests     : Started FiapApplicationTests in 5.694 seconds (process running for 6.159)
]]></system-out>
    <system-err><![CDATA[WARNING: A Java agent has been loaded dynamically (/Users/jhonn/.m2/repository/net/bytebuddy/byte-buddy-agent/1.14.16/byte-buddy-agent-1.14.16.jar)
WARNING: If a serviceability tool is in use, please run with -XX:+EnableDynamicAgentLoading to hide this warning
WARNING: If a serviceability tool is not in use, please run with -Djdk.instrument.traceUsage for more information
WARNING: Dynamic loading of agents will be disallowed by default in a future release
]]></system-err>
  </testcase>
</testsuite>